[debug] [2023-07-05T12:30:30.666Z] ----------------------------------------------------------------------
[debug] [2023-07-05T12:30:30.668Z] Command:       C:\Program Files\nodejs\node.exe C:\Program Files\nodejs\node_modules\firebase-tools\lib\bin\firebase.js init
[debug] [2023-07-05T12:30:30.668Z] CLI Version:   12.4.2
[debug] [2023-07-05T12:30:30.668Z] Platform:      win32
[debug] [2023-07-05T12:30:30.668Z] Node Version:  v18.10.0
[debug] [2023-07-05T12:30:30.669Z] Time:          Wed Jul 05 2023 19:30:30 GMT+0700 (Indochina Time)
[debug] [2023-07-05T12:30:30.669Z] ----------------------------------------------------------------------
[debug] 
[debug] [2023-07-05T12:30:30.676Z] > command requires scopes: ["email","openid","https://www.googleapis.com/auth/cloudplatformprojects.readonly","https://www.googleapis.com/auth/firebase","https://www.googleapis.com/auth/cloud-platform"]
[debug] [2023-07-05T12:30:30.676Z] > authorizing via signed-in user (nhatlinh2001hcmcity@gmail.com)
[info] 
     ######## #### ########  ######## ########     ###     ######  ########
     ##        ##  ##     ## ##       ##     ##  ##   ##  ##       ##
     ######    ##  ########  ######   ########  #########  ######  ######
     ##        ##  ##    ##  ##       ##     ## ##     ##       ## ##
     ##       #### ##     ## ######## ########  ##     ##  ######  ########

You're about to initialize a Firebase project in this directory:

  C:\Users\nhatl\OneDrive\Desktop\dissertation\marketplace_frontend

[info] 
=== Project Setup
[info] 
[info] First, let's associate this project directory with a Firebase project.
[info] You can create multiple project aliases by running firebase use --add, 
[info] but for now we'll just set up a default project.
[info] 
[debug] [2023-07-05T12:30:36.170Z] > refreshing access token with scopes: []
[debug] [2023-07-05T12:30:36.171Z] >>> [apiv2][query] POST https://www.googleapis.com/oauth2/v3/token [none]
[debug] [2023-07-05T12:30:36.172Z] >>> [apiv2][body] POST https://www.googleapis.com/oauth2/v3/token [omitted]
[debug] [2023-07-05T12:30:36.546Z] <<< [apiv2][status] POST https://www.googleapis.com/oauth2/v3/token 200
[debug] [2023-07-05T12:30:36.546Z] <<< [apiv2][body] POST https://www.googleapis.com/oauth2/v3/token [omitted]
[debug] [2023-07-05T12:30:36.559Z] >>> [apiv2][query] GET https://firebase.googleapis.com/v1beta1/projects pageSize=100
[debug] [2023-07-05T12:30:37.158Z] <<< [apiv2][status] GET https://firebase.googleapis.com/v1beta1/projects 200
[debug] [2023-07-05T12:30:37.158Z] <<< [apiv2][body] GET https://firebase.googleapis.com/v1beta1/projects [omitted]
[info] i  Using project smarket-4761d (Smarket) 
[info] 
=== Hosting Setup
[info] 
[info] Your public directory is the folder (relative to your project directory) that
[info] will contain Hosting assets to be uploaded with firebase deploy. If you
[info] have a build process for your assets, use your build's output directory.
[info] 
[debug] [2023-07-05T12:30:45.438Z] >>> [apiv2][query] GET https://www.gstatic.com/firebasejs/releases.json [none]
[debug] [2023-07-05T12:30:45.724Z] <<< [apiv2][status] GET https://www.gstatic.com/firebasejs/releases.json 200
[debug] [2023-07-05T12:30:45.725Z] <<< [apiv2][body] GET https://www.gstatic.com/firebasejs/releases.json {"current":{"version":"9.23.0","browserURL":"https://www.gstatic.com/firebasejs/9.23.0/firebase.js","packageURL":"https://www.gstatic.com/firebasejs/9.23.0/firebase.tgz"},"live":{"version":"9.23","browserURL":"https://www.gstatic.com/firebasejs/live/9.23/firebase.js","packageURL":"https://www.gstatic.com/firebasejs/live/9.23/firebase.tgz"},"components":{"analytics":"https://www.gstatic.com/firebasejs/9.23.0/firebase-analytics.js","app":"https://www.gstatic.com/firebasejs/9.23.0/firebase-app.js","app-check":"https://www.gstatic.com/firebasejs/9.23.0/firebase-app-check.js","auth":"https://www.gstatic.com/firebasejs/9.23.0/firebase-auth.js","auth/cordova":"https://www.gstatic.com/firebasejs/9.23.0/firebase-auth/cordova.js","auth/react-native":"https://www.gstatic.com/firebasejs/9.23.0/firebase-auth/react-native.js","functions":"https://www.gstatic.com/firebasejs/9.23.0/firebase-functions.js","firestore":"https://www.gstatic.com/firebasejs/9.23.0/firebase-firestore.js","firestore/lite":"https://www.gstatic.com/firebasejs/9.23.0/firebase-firestore/lite.js","installations":"https://www.gstatic.com/firebasejs/9.23.0/firebase-installations.js","storage":"https://www.gstatic.com/firebasejs/9.23.0/firebase-storage.js","performance":"https://www.gstatic.com/firebasejs/9.23.0/firebase-performance.js","remote-config":"https://www.gstatic.com/firebasejs/9.23.0/firebase-remote-config.js","messaging":"https://www.gstatic.com/firebasejs/9.23.0/firebase-messaging.js","messaging/sw":"https://www.gstatic.com/firebasejs/9.23.0/firebase-messaging/sw.js","database":"https://www.gstatic.com/firebasejs/9.23.0/firebase-database.js","firestore.memory":"https://www.gstatic.com/firebasejs/9.23.0/firebase-firestore.memory.js"}}
[info] +  Wrote dist/index.html 
[info] 
[info] i  Writing configuration info to firebase.json... 
[info] i  Writing project information to .firebaserc... 
[info] 
[info] +  Firebase initialization complete! 
[debug] [2023-07-05T12:30:55.759Z] Error: Timed out.
    at Timeout._onTimeout (C:\Users\nhatl\AppData\Roaming\nvm\v18.10.0\node_modules\firebase-tools\lib\utils.js:254:49)
    at listOnTimeout (node:internal/timers:564:17)
    at process.processTimers (node:internal/timers:507:7)
[error] 
[error] Error: An unexpected error has occurred.
[debug] [2023-07-05T12:32:10.257Z] ----------------------------------------------------------------------
[debug] [2023-07-05T12:32:10.258Z] Command:       C:\Program Files\nodejs\node.exe C:\Program Files\nodejs\node_modules\firebase-tools\lib\bin\firebase.js deploy
[debug] [2023-07-05T12:32:10.259Z] CLI Version:   12.4.2
[debug] [2023-07-05T12:32:10.259Z] Platform:      win32
[debug] [2023-07-05T12:32:10.259Z] Node Version:  v18.10.0
[debug] [2023-07-05T12:32:10.264Z] Time:          Wed Jul 05 2023 19:32:10 GMT+0700 (Indochina Time)
[debug] [2023-07-05T12:32:10.264Z] ----------------------------------------------------------------------
[debug] 
[debug] [2023-07-05T12:32:10.330Z] > command requires scopes: ["email","openid","https://www.googleapis.com/auth/cloudplatformprojects.readonly","https://www.googleapis.com/auth/firebase","https://www.googleapis.com/auth/cloud-platform"]
[debug] [2023-07-05T12:32:10.330Z] > authorizing via signed-in user (nhatlinh2001hcmcity@gmail.com)
[debug] [2023-07-05T12:32:10.330Z] [iam] checking project smarket-4761d for permissions ["firebase.projects.get","firebasehosting.sites.update"]
[debug] [2023-07-05T12:32:10.332Z] >>> [apiv2][query] POST https://cloudresourcemanager.googleapis.com/v1/projects/smarket-4761d:testIamPermissions [none]
[debug] [2023-07-05T12:32:10.333Z] >>> [apiv2][(partial)header] POST https://cloudresourcemanager.googleapis.com/v1/projects/smarket-4761d:testIamPermissions x-goog-quota-user=projects/smarket-4761d
[debug] [2023-07-05T12:32:10.333Z] >>> [apiv2][body] POST https://cloudresourcemanager.googleapis.com/v1/projects/smarket-4761d:testIamPermissions {"permissions":["firebase.projects.get","firebasehosting.sites.update"]}
[debug] [2023-07-05T12:32:11.442Z] <<< [apiv2][status] POST https://cloudresourcemanager.googleapis.com/v1/projects/smarket-4761d:testIamPermissions 200
[debug] [2023-07-05T12:32:11.443Z] <<< [apiv2][body] POST https://cloudresourcemanager.googleapis.com/v1/projects/smarket-4761d:testIamPermissions {"permissions":["firebase.projects.get","firebasehosting.sites.update"]}
[debug] [2023-07-05T12:32:11.444Z] >>> [apiv2][query] GET https://firebase.googleapis.com/v1beta1/projects/smarket-4761d [none]
[debug] [2023-07-05T12:32:11.981Z] <<< [apiv2][status] GET https://firebase.googleapis.com/v1beta1/projects/smarket-4761d 200
[debug] [2023-07-05T12:32:11.982Z] <<< [apiv2][body] GET https://firebase.googleapis.com/v1beta1/projects/smarket-4761d {"projectId":"smarket-4761d","projectNumber":"177515988727","displayName":"Smarket","name":"projects/smarket-4761d","resources":{"hostingSite":"smarket-4761d"},"state":"ACTIVE","etag":"1_6a98d7f3-c551-46e7-8b89-3016b47edb35"}
[info] 
[info] === Deploying to 'smarket-4761d'...
[info] 
[info] i  deploying hosting 
[debug] [2023-07-05T12:32:12.004Z] >>> [apiv2][query] POST https://firebasehosting.googleapis.com/v1beta1/projects/-/sites/smarket-4761d/versions [none]
[debug] [2023-07-05T12:32:12.004Z] >>> [apiv2][body] POST https://firebasehosting.googleapis.com/v1beta1/projects/-/sites/smarket-4761d/versions {"status":"CREATED","labels":{"deployment-tool":"cli-firebase"}}
[debug] [2023-07-05T12:32:12.706Z] <<< [apiv2][status] POST https://firebasehosting.googleapis.com/v1beta1/projects/-/sites/smarket-4761d/versions 200
[debug] [2023-07-05T12:32:12.707Z] <<< [apiv2][body] POST https://firebasehosting.googleapis.com/v1beta1/projects/-/sites/smarket-4761d/versions {"name":"projects/177515988727/sites/smarket-4761d/versions/4a7dd7388daf5e59","status":"CREATED","config":{},"labels":{"deployment-tool":"cli-firebase"}}
[info] i  hosting[smarket-4761d]: beginning deploy... 
[info] i  hosting[smarket-4761d]: found 30 files in dist 
[debug] [2023-07-05T12:32:12.721Z] [hosting] uploading with 200 concurrency
[debug] [2023-07-05T12:32:12.723Z] [hosting] hash cache [ZGlzdA] not populated
[debug] [2023-07-05T12:32:12.780Z] [hosting] hash cache [ZGlzdA] stored for 30 files
[debug] [2023-07-05T12:32:12.780Z] [hosting][hash queue][FINAL] {"max":50,"min":30,"avg":33.23333333333333,"active":0,"complete":30,"success":30,"errored":0,"retried":0,"total":30,"elapsed":56}
[debug] [2023-07-05T12:32:12.781Z] >>> [apiv2][query] POST https://firebasehosting.googleapis.com/v1beta1/projects/177515988727/sites/smarket-4761d/versions/4a7dd7388daf5e59:populateFiles [none]
[debug] [2023-07-05T12:32:12.781Z] >>> [apiv2][body] POST https://firebasehosting.googleapis.com/v1beta1/projects/177515988727/sites/smarket-4761d/versions/4a7dd7388daf5e59:populateFiles {"files":{"/114.f8df22ac1b6cdf8c.js":"52d5d1f896e8e01ec62fcd250985ac38d987e0113e5ef6cd754a0bf8c0d27939","/133.775f56622b4fb38f.js":"75309880a868e49b99906a3eff11a989b3a3112e57a6eb8289b81f1264866e6e","/21.a753a7fb4edab4a9.js":"162cf6faf3caa09917d93a35cc0898fe7ed6313cb3ef138df72059df4985fa85","/210.c1ba46efeb76bbef.js":"4b6f54180f542f9fd4bef20c90aae9c6b58ac646d2844871db83df9247fe6029","/327.b7625e8bc41fab6e.js":"0be48f15c6a98e7b76c035246e30df31e45b8305475a16c6525c2fb4d31de504","/290.ffb01d9aaf455c9e.js":"98d77df52cc5e22e3ede98bffb4d499a1c4625773b81f8f4bfcf4d59a85c5c54","/184.35bd9aafe9261c3b.js":"6902ec9dfaa79fb48a34c5a3822373df0f0259d7242dd69ea5cee6500623b014","/3rdpartylicenses.txt":"5093062750f0a38c278e90273e807e4a616c646236f21278a7bc2733230ed9a5","/454.355604c5d17b5093.js":"26e58991e26bb98c78e46a8d7425e8b41ceeb91071427dfe2c863d19e9732c50","/563.76aee14f998b1a96.js":"89a29386649e94ad702842b35df8fee2e089a61a6f007f96013a4ea0886ebcf8","/747.7efa8d8b6f12266a.js":"e0441e5771159f61f1b7987b29feb975a54cca61441fc10595d640b110c55950","/501.8362f36d14d71016.js":"bfd983b07456a5816b77f64708a7f89f6723b4e1545f6bf92e59b95c365617f8","/941.c0e51f7a0c1347c8.js":"30d9bc3a22c075d65cbf5b6f76c0b7218f5a1523a49365a4cce8242abdb4339b","/index.html":"7f169b89647aeb93eebcbc769c11662d47fd59a6f17159a61e2594daa5a8e554","/395.88a78dcb9f7cdd28.js":"b47b2328290ad2ab35a674097d6554682e9e3e1c7286c87d33172654dcb8b7d1","/runtime.ec39d24210dd60fe.js":"9d9d89665e7677e531d195f2a8fea23c31919ca1c8ff8af6c4d42405cf817405","/common.b37066d3442756d7.js":"4acefe2bf43c450b98e7da7c77760d088c9c652fabe16642bf62b3c102071d6f","/favicon.ico":"2c19690e9587bae12f419b34d2edeecc76808099540a9c9f4ea6194116cfc8f7","/932.fd3aee6205dc932f.js":"3060addc28b9404aac1f7e338d28ed36e66ce6317ccb7fb9635d266546f65e92","/polyfills.a67ee32ebc179bd8.js":"76969b54477bf6694dfaabfcc0588da72e6a1c83c63524e7a56e68b7318e61d1","/784.acf86ac50aa98b6b.js":"4a4591a6804a54ba3445cdbe400fd893da92f6f13df7f468001b355bb299f49d","/35.f1ec54ced2745aa2.js":"2db012e28f753abf2b3d2efded2879eab9bb9380d613d44bd16a60afc511883e","/137.cf28a072212856d5.js":"33bb5b546c590723be3d37390050e4a05e41f88e63adc360275798a430cd5ca5","/assets/img/free-ship.png":"d2d8e1da513cafdc92ff2a1503b372d6acfcfaea60c69584861939ff3f0705de","/assets/img/default-user.png":"d89c4d63f55c2e6b0808945a10c1d48bbc6cc14e9384b785f9b54f79857216db","/assets/img/mia.jpg":"9a04466438eafa927b2f834edc28a81bd6f9c78fbc7b46dbedb476e5591e662d","/styles.c75f9b8622b0723e.css":"32df08de854a37a3c64b1d19b52a897761d2127f00b55fa5ffc0a0a92ebe9db2","/260.12db60830edf7746.js":"affb9cfbb447c1fe5d9277618a4120eba254f15093f47df28d9a5c56fd8f938f","/722.6a3b4bd719557e54.js":"7fcf7b2cf9ad2fd4a4e824dfc04e1d1fc1d37e07bf109fc08694b7995ff3c6e9","/main.352951788b1ddef3.js":"6cca7384777326f0167a25b2ce162f9d4ff3c430511b0b08487665bbb5f57247"}}
[debug] [2023-07-05T12:32:13.301Z] <<< [apiv2][status] POST https://firebasehosting.googleapis.com/v1beta1/projects/177515988727/sites/smarket-4761d/versions/4a7dd7388daf5e59:populateFiles 200
[debug] [2023-07-05T12:32:13.301Z] <<< [apiv2][body] POST https://firebasehosting.googleapis.com/v1beta1/projects/177515988727/sites/smarket-4761d/versions/4a7dd7388daf5e59:populateFiles {"uploadRequiredHashes":["e0441e5771159f61f1b7987b29feb975a54cca61441fc10595d640b110c55950","98d77df52cc5e22e3ede98bffb4d499a1c4625773b81f8f4bfcf4d59a85c5c54","9a04466438eafa927b2f834edc28a81bd6f9c78fbc7b46dbedb476e5591e662d","33bb5b546c590723be3d37390050e4a05e41f88e63adc360275798a430cd5ca5","4a4591a6804a54ba3445cdbe400fd893da92f6f13df7f468001b355bb299f49d","9d9d89665e7677e531d195f2a8fea23c31919ca1c8ff8af6c4d42405cf817405","2db012e28f753abf2b3d2efded2879eab9bb9380d613d44bd16a60afc511883e","6902ec9dfaa79fb48a34c5a3822373df0f0259d7242dd69ea5cee6500623b014","30d9bc3a22c075d65cbf5b6f76c0b7218f5a1523a49365a4cce8242abdb4339b","162cf6faf3caa09917d93a35cc0898fe7ed6313cb3ef138df72059df4985fa85","26e58991e26bb98c78e46a8d7425e8b41ceeb91071427dfe2c863d19e9732c50","d89c4d63f55c2e6b0808945a10c1d48bbc6cc14e9384b785f9b54f79857216db","76969b54477bf6694dfaabfcc0588da72e6a1c83c63524e7a56e68b7318e61d1","7fcf7b2cf9ad2fd4a4e824dfc04e1d1fc1d37e07bf109fc08694b7995ff3c6e9","5093062750f0a38c278e90273e807e4a616c646236f21278a7bc2733230ed9a5","bfd983b07456a5816b77f64708a7f89f6723b4e1545f6bf92e59b95c365617f8","4b6f54180f542f9fd4bef20c90aae9c6b58ac646d2844871db83df9247fe6029","0be48f15c6a98e7b76c035246e30df31e45b8305475a16c6525c2fb4d31de504","b47b2328290ad2ab35a674097d6554682e9e3e1c7286c87d33172654dcb8b7d1","3060addc28b9404aac1f7e338d28ed36e66ce6317ccb7fb9635d266546f65e92","4acefe2bf43c450b98e7da7c77760d088c9c652fabe16642bf62b3c102071d6f","52d5d1f896e8e01ec62fcd250985ac38d987e0113e5ef6cd754a0bf8c0d27939","d2d8e1da513cafdc92ff2a1503b372d6acfcfaea60c69584861939ff3f0705de","32df08de854a37a3c64b1d19b52a897761d2127f00b55fa5ffc0a0a92ebe9db2","2c19690e9587bae12f419b34d2edeecc76808099540a9c9f4ea6194116cfc8f7","75309880a868e49b99906a3eff11a989b3a3112e57a6eb8289b81f1264866e6e","affb9cfbb447c1fe5d9277618a4120eba254f15093f47df28d9a5c56fd8f938f","7f169b89647aeb93eebcbc769c11662d47fd59a6f17159a61e2594daa5a8e554","6cca7384777326f0167a25b2ce162f9d4ff3c430511b0b08487665bbb5f57247","89a29386649e94ad702842b35df8fee2e089a61a6f007f96013a4ea0886ebcf8"],"uploadUrl":"https://upload-firebasehosting.googleapis.com/upload/sites/smarket-4761d/versions/4a7dd7388daf5e59/files"}
[debug] [2023-07-05T12:32:13.306Z] >>> [apiv2][query] POST https://upload-firebasehosting.googleapis.com/upload/sites/smarket-4761d/versions/4a7dd7388daf5e59/files/e0441e5771159f61f1b7987b29feb975a54cca61441fc10595d640b110c55950 [none]
[debug] [2023-07-05T12:32:13.306Z] >>> [apiv2][body] POST https://upload-firebasehosting.googleapis.com/upload/sites/smarket-4761d/versions/4a7dd7388daf5e59/files/e0441e5771159f61f1b7987b29feb975a54cca61441fc10595d640b110c55950 [stream]
[debug] [2023-07-05T12:32:13.307Z] >>> [apiv2][query] POST https://upload-firebasehosting.googleapis.com/upload/sites/smarket-4761d/versions/4a7dd7388daf5e59/files/98d77df52cc5e22e3ede98bffb4d499a1c4625773b81f8f4bfcf4d59a85c5c54 [none]
[debug] [2023-07-05T12:32:13.307Z] >>> [apiv2][body] POST https://upload-firebasehosting.googleapis.com/upload/sites/smarket-4761d/versions/4a7dd7388daf5e59/files/98d77df52cc5e22e3ede98bffb4d499a1c4625773b81f8f4bfcf4d59a85c5c54 [stream]
[debug] [2023-07-05T12:32:13.308Z] >>> [apiv2][query] POST https://upload-firebasehosting.googleapis.com/upload/sites/smarket-4761d/versions/4a7dd7388daf5e59/files/9a04466438eafa927b2f834edc28a81bd6f9c78fbc7b46dbedb476e5591e662d [none]
[debug] [2023-07-05T12:32:13.308Z] >>> [apiv2][body] POST https://upload-firebasehosting.googleapis.com/upload/sites/smarket-4761d/versions/4a7dd7388daf5e59/files/9a04466438eafa927b2f834edc28a81bd6f9c78fbc7b46dbedb476e5591e662d [stream]
[debug] [2023-07-05T12:32:13.309Z] >>> [apiv2][query] POST https://upload-firebasehosting.googleapis.com/upload/sites/smarket-4761d/versions/4a7dd7388daf5e59/files/33bb5b546c590723be3d37390050e4a05e41f88e63adc360275798a430cd5ca5 [none]
[debug] [2023-07-05T12:32:13.309Z] >>> [apiv2][body] POST https://upload-firebasehosting.googleapis.com/upload/sites/smarket-4761d/versions/4a7dd7388daf5e59/files/33bb5b546c590723be3d37390050e4a05e41f88e63adc360275798a430cd5ca5 [stream]
[debug] [2023-07-05T12:32:13.310Z] >>> [apiv2][query] POST https://upload-firebasehosting.googleapis.com/upload/sites/smarket-4761d/versions/4a7dd7388daf5e59/files/4a4591a6804a54ba3445cdbe400fd893da92f6f13df7f468001b355bb299f49d [none]
[debug] [2023-07-05T12:32:13.310Z] >>> [apiv2][body] POST https://upload-firebasehosting.googleapis.com/upload/sites/smarket-4761d/versions/4a7dd7388daf5e59/files/4a4591a6804a54ba3445cdbe400fd893da92f6f13df7f468001b355bb299f49d [stream]
[debug] [2023-07-05T12:32:13.311Z] >>> [apiv2][query] POST https://upload-firebasehosting.googleapis.com/upload/sites/smarket-4761d/versions/4a7dd7388daf5e59/files/9d9d89665e7677e531d195f2a8fea23c31919ca1c8ff8af6c4d42405cf817405 [none]
[debug] [2023-07-05T12:32:13.311Z] >>> [apiv2][body] POST https://upload-firebasehosting.googleapis.com/upload/sites/smarket-4761d/versions/4a7dd7388daf5e59/files/9d9d89665e7677e531d195f2a8fea23c31919ca1c8ff8af6c4d42405cf817405 [stream]
[debug] [2023-07-05T12:32:13.312Z] >>> [apiv2][query] POST https://upload-firebasehosting.googleapis.com/upload/sites/smarket-4761d/versions/4a7dd7388daf5e59/files/2db012e28f753abf2b3d2efded2879eab9bb9380d613d44bd16a60afc511883e [none]
[debug] [2023-07-05T12:32:13.312Z] >>> [apiv2][body] POST https://upload-firebasehosting.googleapis.com/upload/sites/smarket-4761d/versions/4a7dd7388daf5e59/files/2db012e28f753abf2b3d2efded2879eab9bb9380d613d44bd16a60afc511883e [stream]
[debug] [2023-07-05T12:32:13.313Z] >>> [apiv2][query] POST https://upload-firebasehosting.googleapis.com/upload/sites/smarket-4761d/versions/4a7dd7388daf5e59/files/6902ec9dfaa79fb48a34c5a3822373df0f0259d7242dd69ea5cee6500623b014 [none]
[debug] [2023-07-05T12:32:13.313Z] >>> [apiv2][body] POST https://upload-firebasehosting.googleapis.com/upload/sites/smarket-4761d/versions/4a7dd7388daf5e59/files/6902ec9dfaa79fb48a34c5a3822373df0f0259d7242dd69ea5cee6500623b014 [stream]
[debug] [2023-07-05T12:32:13.314Z] >>> [apiv2][query] POST https://upload-firebasehosting.googleapis.com/upload/sites/smarket-4761d/versions/4a7dd7388daf5e59/files/30d9bc3a22c075d65cbf5b6f76c0b7218f5a1523a49365a4cce8242abdb4339b [none]
[debug] [2023-07-05T12:32:13.314Z] >>> [apiv2][body] POST https://upload-firebasehosting.googleapis.com/upload/sites/smarket-4761d/versions/4a7dd7388daf5e59/files/30d9bc3a22c075d65cbf5b6f76c0b7218f5a1523a49365a4cce8242abdb4339b [stream]
[debug] [2023-07-05T12:32:13.315Z] >>> [apiv2][query] POST https://upload-firebasehosting.googleapis.com/upload/sites/smarket-4761d/versions/4a7dd7388daf5e59/files/162cf6faf3caa09917d93a35cc0898fe7ed6313cb3ef138df72059df4985fa85 [none]
[debug] [2023-07-05T12:32:13.315Z] >>> [apiv2][body] POST https://upload-firebasehosting.googleapis.com/upload/sites/smarket-4761d/versions/4a7dd7388daf5e59/files/162cf6faf3caa09917d93a35cc0898fe7ed6313cb3ef138df72059df4985fa85 [stream]
[debug] [2023-07-05T12:32:13.316Z] >>> [apiv2][query] POST https://upload-firebasehosting.googleapis.com/upload/sites/smarket-4761d/versions/4a7dd7388daf5e59/files/26e58991e26bb98c78e46a8d7425e8b41ceeb91071427dfe2c863d19e9732c50 [none]
[debug] [2023-07-05T12:32:13.316Z] >>> [apiv2][body] POST https://upload-firebasehosting.googleapis.com/upload/sites/smarket-4761d/versions/4a7dd7388daf5e59/files/26e58991e26bb98c78e46a8d7425e8b41ceeb91071427dfe2c863d19e9732c50 [stream]
[debug] [2023-07-05T12:32:13.317Z] >>> [apiv2][query] POST https://upload-firebasehosting.googleapis.com/upload/sites/smarket-4761d/versions/4a7dd7388daf5e59/files/d89c4d63f55c2e6b0808945a10c1d48bbc6cc14e9384b785f9b54f79857216db [none]
[debug] [2023-07-05T12:32:13.317Z] >>> [apiv2][body] POST https://upload-firebasehosting.googleapis.com/upload/sites/smarket-4761d/versions/4a7dd7388daf5e59/files/d89c4d63f55c2e6b0808945a10c1d48bbc6cc14e9384b785f9b54f79857216db [stream]
[debug] [2023-07-05T12:32:13.317Z] >>> [apiv2][query] POST https://upload-firebasehosting.googleapis.com/upload/sites/smarket-4761d/versions/4a7dd7388daf5e59/files/76969b54477bf6694dfaabfcc0588da72e6a1c83c63524e7a56e68b7318e61d1 [none]
[debug] [2023-07-05T12:32:13.317Z] >>> [apiv2][body] POST https://upload-firebasehosting.googleapis.com/upload/sites/smarket-4761d/versions/4a7dd7388daf5e59/files/76969b54477bf6694dfaabfcc0588da72e6a1c83c63524e7a56e68b7318e61d1 [stream]
[debug] [2023-07-05T12:32:13.318Z] >>> [apiv2][query] POST https://upload-firebasehosting.googleapis.com/upload/sites/smarket-4761d/versions/4a7dd7388daf5e59/files/7fcf7b2cf9ad2fd4a4e824dfc04e1d1fc1d37e07bf109fc08694b7995ff3c6e9 [none]
[debug] [2023-07-05T12:32:13.318Z] >>> [apiv2][body] POST https://upload-firebasehosting.googleapis.com/upload/sites/smarket-4761d/versions/4a7dd7388daf5e59/files/7fcf7b2cf9ad2fd4a4e824dfc04e1d1fc1d37e07bf109fc08694b7995ff3c6e9 [stream]
[debug] [2023-07-05T12:32:13.319Z] >>> [apiv2][query] POST https://upload-firebasehosting.googleapis.com/upload/sites/smarket-4761d/versions/4a7dd7388daf5e59/files/5093062750f0a38c278e90273e807e4a616c646236f21278a7bc2733230ed9a5 [none]
[debug] [2023-07-05T12:32:13.319Z] >>> [apiv2][body] POST https://upload-firebasehosting.googleapis.com/upload/sites/smarket-4761d/versions/4a7dd7388daf5e59/files/5093062750f0a38c278e90273e807e4a616c646236f21278a7bc2733230ed9a5 [stream]
[debug] [2023-07-05T12:32:13.320Z] >>> [apiv2][query] POST https://upload-firebasehosting.googleapis.com/upload/sites/smarket-4761d/versions/4a7dd7388daf5e59/files/bfd983b07456a5816b77f64708a7f89f6723b4e1545f6bf92e59b95c365617f8 [none]
[debug] [2023-07-05T12:32:13.320Z] >>> [apiv2][body] POST https://upload-firebasehosting.googleapis.com/upload/sites/smarket-4761d/versions/4a7dd7388daf5e59/files/bfd983b07456a5816b77f64708a7f89f6723b4e1545f6bf92e59b95c365617f8 [stream]
[debug] [2023-07-05T12:32:13.321Z] >>> [apiv2][query] POST https://upload-firebasehosting.googleapis.com/upload/sites/smarket-4761d/versions/4a7dd7388daf5e59/files/4b6f54180f542f9fd4bef20c90aae9c6b58ac646d2844871db83df9247fe6029 [none]
[debug] [2023-07-05T12:32:13.322Z] >>> [apiv2][body] POST https://upload-firebasehosting.googleapis.com/upload/sites/smarket-4761d/versions/4a7dd7388daf5e59/files/4b6f54180f542f9fd4bef20c90aae9c6b58ac646d2844871db83df9247fe6029 [stream]
[debug] [2023-07-05T12:32:13.322Z] >>> [apiv2][query] POST https://upload-firebasehosting.googleapis.com/upload/sites/smarket-4761d/versions/4a7dd7388daf5e59/files/0be48f15c6a98e7b76c035246e30df31e45b8305475a16c6525c2fb4d31de504 [none]
[debug] [2023-07-05T12:32:13.322Z] >>> [apiv2][body] POST https://upload-firebasehosting.googleapis.com/upload/sites/smarket-4761d/versions/4a7dd7388daf5e59/files/0be48f15c6a98e7b76c035246e30df31e45b8305475a16c6525c2fb4d31de504 [stream]
[debug] [2023-07-05T12:32:13.323Z] >>> [apiv2][query] POST https://upload-firebasehosting.googleapis.com/upload/sites/smarket-4761d/versions/4a7dd7388daf5e59/files/b47b2328290ad2ab35a674097d6554682e9e3e1c7286c87d33172654dcb8b7d1 [none]
[debug] [2023-07-05T12:32:13.323Z] >>> [apiv2][body] POST https://upload-firebasehosting.googleapis.com/upload/sites/smarket-4761d/versions/4a7dd7388daf5e59/files/b47b2328290ad2ab35a674097d6554682e9e3e1c7286c87d33172654dcb8b7d1 [stream]
[debug] [2023-07-05T12:32:13.324Z] >>> [apiv2][query] POST https://upload-firebasehosting.googleapis.com/upload/sites/smarket-4761d/versions/4a7dd7388daf5e59/files/3060addc28b9404aac1f7e338d28ed36e66ce6317ccb7fb9635d266546f65e92 [none]
[debug] [2023-07-05T12:32:13.324Z] >>> [apiv2][body] POST https://upload-firebasehosting.googleapis.com/upload/sites/smarket-4761d/versions/4a7dd7388daf5e59/files/3060addc28b9404aac1f7e338d28ed36e66ce6317ccb7fb9635d266546f65e92 [stream]
[debug] [2023-07-05T12:32:13.324Z] >>> [apiv2][query] POST https://upload-firebasehosting.googleapis.com/upload/sites/smarket-4761d/versions/4a7dd7388daf5e59/files/4acefe2bf43c450b98e7da7c77760d088c9c652fabe16642bf62b3c102071d6f [none]
[debug] [2023-07-05T12:32:13.324Z] >>> [apiv2][body] POST https://upload-firebasehosting.googleapis.com/upload/sites/smarket-4761d/versions/4a7dd7388daf5e59/files/4acefe2bf43c450b98e7da7c77760d088c9c652fabe16642bf62b3c102071d6f [stream]
[debug] [2023-07-05T12:32:13.325Z] >>> [apiv2][query] POST https://upload-firebasehosting.googleapis.com/upload/sites/smarket-4761d/versions/4a7dd7388daf5e59/files/52d5d1f896e8e01ec62fcd250985ac38d987e0113e5ef6cd754a0bf8c0d27939 [none]
[debug] [2023-07-05T12:32:13.325Z] >>> [apiv2][body] POST https://upload-firebasehosting.googleapis.com/upload/sites/smarket-4761d/versions/4a7dd7388daf5e59/files/52d5d1f896e8e01ec62fcd250985ac38d987e0113e5ef6cd754a0bf8c0d27939 [stream]
[debug] [2023-07-05T12:32:13.326Z] >>> [apiv2][query] POST https://upload-firebasehosting.googleapis.com/upload/sites/smarket-4761d/versions/4a7dd7388daf5e59/files/d2d8e1da513cafdc92ff2a1503b372d6acfcfaea60c69584861939ff3f0705de [none]
[debug] [2023-07-05T12:32:13.326Z] >>> [apiv2][body] POST https://upload-firebasehosting.googleapis.com/upload/sites/smarket-4761d/versions/4a7dd7388daf5e59/files/d2d8e1da513cafdc92ff2a1503b372d6acfcfaea60c69584861939ff3f0705de [stream]
[debug] [2023-07-05T12:32:13.326Z] >>> [apiv2][query] POST https://upload-firebasehosting.googleapis.com/upload/sites/smarket-4761d/versions/4a7dd7388daf5e59/files/32df08de854a37a3c64b1d19b52a897761d2127f00b55fa5ffc0a0a92ebe9db2 [none]
[debug] [2023-07-05T12:32:13.326Z] >>> [apiv2][body] POST https://upload-firebasehosting.googleapis.com/upload/sites/smarket-4761d/versions/4a7dd7388daf5e59/files/32df08de854a37a3c64b1d19b52a897761d2127f00b55fa5ffc0a0a92ebe9db2 [stream]
[debug] [2023-07-05T12:32:13.327Z] >>> [apiv2][query] POST https://upload-firebasehosting.googleapis.com/upload/sites/smarket-4761d/versions/4a7dd7388daf5e59/files/2c19690e9587bae12f419b34d2edeecc76808099540a9c9f4ea6194116cfc8f7 [none]
[debug] [2023-07-05T12:32:13.327Z] >>> [apiv2][body] POST https://upload-firebasehosting.googleapis.com/upload/sites/smarket-4761d/versions/4a7dd7388daf5e59/files/2c19690e9587bae12f419b34d2edeecc76808099540a9c9f4ea6194116cfc8f7 [stream]
[debug] [2023-07-05T12:32:13.328Z] >>> [apiv2][query] POST https://upload-firebasehosting.googleapis.com/upload/sites/smarket-4761d/versions/4a7dd7388daf5e59/files/75309880a868e49b99906a3eff11a989b3a3112e57a6eb8289b81f1264866e6e [none]
[debug] [2023-07-05T12:32:13.328Z] >>> [apiv2][body] POST https://upload-firebasehosting.googleapis.com/upload/sites/smarket-4761d/versions/4a7dd7388daf5e59/files/75309880a868e49b99906a3eff11a989b3a3112e57a6eb8289b81f1264866e6e [stream]
[debug] [2023-07-05T12:32:13.328Z] >>> [apiv2][query] POST https://upload-firebasehosting.googleapis.com/upload/sites/smarket-4761d/versions/4a7dd7388daf5e59/files/affb9cfbb447c1fe5d9277618a4120eba254f15093f47df28d9a5c56fd8f938f [none]
[debug] [2023-07-05T12:32:13.328Z] >>> [apiv2][body] POST https://upload-firebasehosting.googleapis.com/upload/sites/smarket-4761d/versions/4a7dd7388daf5e59/files/affb9cfbb447c1fe5d9277618a4120eba254f15093f47df28d9a5c56fd8f938f [stream]
[debug] [2023-07-05T12:32:13.329Z] >>> [apiv2][query] POST https://upload-firebasehosting.googleapis.com/upload/sites/smarket-4761d/versions/4a7dd7388daf5e59/files/7f169b89647aeb93eebcbc769c11662d47fd59a6f17159a61e2594daa5a8e554 [none]
[debug] [2023-07-05T12:32:13.329Z] >>> [apiv2][body] POST https://upload-firebasehosting.googleapis.com/upload/sites/smarket-4761d/versions/4a7dd7388daf5e59/files/7f169b89647aeb93eebcbc769c11662d47fd59a6f17159a61e2594daa5a8e554 [stream]
[debug] [2023-07-05T12:32:13.330Z] >>> [apiv2][query] POST https://upload-firebasehosting.googleapis.com/upload/sites/smarket-4761d/versions/4a7dd7388daf5e59/files/6cca7384777326f0167a25b2ce162f9d4ff3c430511b0b08487665bbb5f57247 [none]
[debug] [2023-07-05T12:32:13.330Z] >>> [apiv2][body] POST https://upload-firebasehosting.googleapis.com/upload/sites/smarket-4761d/versions/4a7dd7388daf5e59/files/6cca7384777326f0167a25b2ce162f9d4ff3c430511b0b08487665bbb5f57247 [stream]
[debug] [2023-07-05T12:32:13.331Z] >>> [apiv2][query] POST https://upload-firebasehosting.googleapis.com/upload/sites/smarket-4761d/versions/4a7dd7388daf5e59/files/89a29386649e94ad702842b35df8fee2e089a61a6f007f96013a4ea0886ebcf8 [none]
[debug] [2023-07-05T12:32:13.331Z] >>> [apiv2][body] POST https://upload-firebasehosting.googleapis.com/upload/sites/smarket-4761d/versions/4a7dd7388daf5e59/files/89a29386649e94ad702842b35df8fee2e089a61a6f007f96013a4ea0886ebcf8 [stream]
[debug] [2023-07-05T12:32:13.332Z] [hosting][populate queue][FINAL] {"max":527,"min":527,"avg":527,"active":0,"complete":1,"success":1,"errored":0,"retried":0,"total":1,"elapsed":553}
[debug] [2023-07-05T12:32:13.332Z] [hosting] uploads queued: 30
[debug] [2023-07-05T12:32:14.352Z] <<< [apiv2][status] POST https://upload-firebasehosting.googleapis.com/upload/sites/smarket-4761d/versions/4a7dd7388daf5e59/files/d89c4d63f55c2e6b0808945a10c1d48bbc6cc14e9384b785f9b54f79857216db 200
[debug] [2023-07-05T12:32:14.353Z] <<< [apiv2][body] POST https://upload-firebasehosting.googleapis.com/upload/sites/smarket-4761d/versions/4a7dd7388daf5e59/files/d89c4d63f55c2e6b0808945a10c1d48bbc6cc14e9384b785f9b54f79857216db [stream]
[debug] [2023-07-05T12:32:14.363Z] <<< [apiv2][status] POST https://upload-firebasehosting.googleapis.com/upload/sites/smarket-4761d/versions/4a7dd7388daf5e59/files/9a04466438eafa927b2f834edc28a81bd6f9c78fbc7b46dbedb476e5591e662d 200
[debug] [2023-07-05T12:32:14.364Z] <<< [apiv2][body] POST https://upload-firebasehosting.googleapis.com/upload/sites/smarket-4761d/versions/4a7dd7388daf5e59/files/9a04466438eafa927b2f834edc28a81bd6f9c78fbc7b46dbedb476e5591e662d [stream]
[debug] [2023-07-05T12:32:14.392Z] <<< [apiv2][status] POST https://upload-firebasehosting.googleapis.com/upload/sites/smarket-4761d/versions/4a7dd7388daf5e59/files/26e58991e26bb98c78e46a8d7425e8b41ceeb91071427dfe2c863d19e9732c50 200
[debug] [2023-07-05T12:32:14.392Z] <<< [apiv2][body] POST https://upload-firebasehosting.googleapis.com/upload/sites/smarket-4761d/versions/4a7dd7388daf5e59/files/26e58991e26bb98c78e46a8d7425e8b41ceeb91071427dfe2c863d19e9732c50 [stream]
[debug] [2023-07-05T12:32:14.462Z] <<< [apiv2][status] POST https://upload-firebasehosting.googleapis.com/upload/sites/smarket-4761d/versions/4a7dd7388daf5e59/files/30d9bc3a22c075d65cbf5b6f76c0b7218f5a1523a49365a4cce8242abdb4339b 200
[debug] [2023-07-05T12:32:14.463Z] <<< [apiv2][body] POST https://upload-firebasehosting.googleapis.com/upload/sites/smarket-4761d/versions/4a7dd7388daf5e59/files/30d9bc3a22c075d65cbf5b6f76c0b7218f5a1523a49365a4cce8242abdb4339b [stream]
[debug] [2023-07-05T12:32:14.469Z] <<< [apiv2][status] POST https://upload-firebasehosting.googleapis.com/upload/sites/smarket-4761d/versions/4a7dd7388daf5e59/files/162cf6faf3caa09917d93a35cc0898fe7ed6313cb3ef138df72059df4985fa85 200
[debug] [2023-07-05T12:32:14.469Z] <<< [apiv2][body] POST https://upload-firebasehosting.googleapis.com/upload/sites/smarket-4761d/versions/4a7dd7388daf5e59/files/162cf6faf3caa09917d93a35cc0898fe7ed6313cb3ef138df72059df4985fa85 [stream]
[debug] [2023-07-05T12:32:14.500Z] <<< [apiv2][status] POST https://upload-firebasehosting.googleapis.com/upload/sites/smarket-4761d/versions/4a7dd7388daf5e59/files/9d9d89665e7677e531d195f2a8fea23c31919ca1c8ff8af6c4d42405cf817405 200
[debug] [2023-07-05T12:32:14.500Z] <<< [apiv2][body] POST https://upload-firebasehosting.googleapis.com/upload/sites/smarket-4761d/versions/4a7dd7388daf5e59/files/9d9d89665e7677e531d195f2a8fea23c31919ca1c8ff8af6c4d42405cf817405 [stream]
[debug] [2023-07-05T12:32:14.519Z] <<< [apiv2][status] POST https://upload-firebasehosting.googleapis.com/upload/sites/smarket-4761d/versions/4a7dd7388daf5e59/files/32df08de854a37a3c64b1d19b52a897761d2127f00b55fa5ffc0a0a92ebe9db2 200
[debug] [2023-07-05T12:32:14.519Z] <<< [apiv2][body] POST https://upload-firebasehosting.googleapis.com/upload/sites/smarket-4761d/versions/4a7dd7388daf5e59/files/32df08de854a37a3c64b1d19b52a897761d2127f00b55fa5ffc0a0a92ebe9db2 [stream]
[debug] [2023-07-05T12:32:14.556Z] <<< [apiv2][status] POST https://upload-firebasehosting.googleapis.com/upload/sites/smarket-4761d/versions/4a7dd7388daf5e59/files/4acefe2bf43c450b98e7da7c77760d088c9c652fabe16642bf62b3c102071d6f 200
[debug] [2023-07-05T12:32:14.556Z] <<< [apiv2][body] POST https://upload-firebasehosting.googleapis.com/upload/sites/smarket-4761d/versions/4a7dd7388daf5e59/files/4acefe2bf43c450b98e7da7c77760d088c9c652fabe16642bf62b3c102071d6f [stream]
[debug] [2023-07-05T12:32:14.565Z] <<< [apiv2][status] POST https://upload-firebasehosting.googleapis.com/upload/sites/smarket-4761d/versions/4a7dd7388daf5e59/files/bfd983b07456a5816b77f64708a7f89f6723b4e1545f6bf92e59b95c365617f8 200
[debug] [2023-07-05T12:32:14.565Z] <<< [apiv2][body] POST https://upload-firebasehosting.googleapis.com/upload/sites/smarket-4761d/versions/4a7dd7388daf5e59/files/bfd983b07456a5816b77f64708a7f89f6723b4e1545f6bf92e59b95c365617f8 [stream]
[debug] [2023-07-05T12:32:14.573Z] <<< [apiv2][status] POST https://upload-firebasehosting.googleapis.com/upload/sites/smarket-4761d/versions/4a7dd7388daf5e59/files/3060addc28b9404aac1f7e338d28ed36e66ce6317ccb7fb9635d266546f65e92 200
[debug] [2023-07-05T12:32:14.573Z] <<< [apiv2][body] POST https://upload-firebasehosting.googleapis.com/upload/sites/smarket-4761d/versions/4a7dd7388daf5e59/files/3060addc28b9404aac1f7e338d28ed36e66ce6317ccb7fb9635d266546f65e92 [stream]
[debug] [2023-07-05T12:32:14.602Z] <<< [apiv2][status] POST https://upload-firebasehosting.googleapis.com/upload/sites/smarket-4761d/versions/4a7dd7388daf5e59/files/7f169b89647aeb93eebcbc769c11662d47fd59a6f17159a61e2594daa5a8e554 200
[debug] [2023-07-05T12:32:14.603Z] <<< [apiv2][body] POST https://upload-firebasehosting.googleapis.com/upload/sites/smarket-4761d/versions/4a7dd7388daf5e59/files/7f169b89647aeb93eebcbc769c11662d47fd59a6f17159a61e2594daa5a8e554 [stream]
[debug] [2023-07-05T12:32:14.606Z] <<< [apiv2][status] POST https://upload-firebasehosting.googleapis.com/upload/sites/smarket-4761d/versions/4a7dd7388daf5e59/files/6902ec9dfaa79fb48a34c5a3822373df0f0259d7242dd69ea5cee6500623b014 200
[debug] [2023-07-05T12:32:14.607Z] <<< [apiv2][body] POST https://upload-firebasehosting.googleapis.com/upload/sites/smarket-4761d/versions/4a7dd7388daf5e59/files/6902ec9dfaa79fb48a34c5a3822373df0f0259d7242dd69ea5cee6500623b014 [stream]
[debug] [2023-07-05T12:32:14.651Z] <<< [apiv2][status] POST https://upload-firebasehosting.googleapis.com/upload/sites/smarket-4761d/versions/4a7dd7388daf5e59/files/b47b2328290ad2ab35a674097d6554682e9e3e1c7286c87d33172654dcb8b7d1 200
[debug] [2023-07-05T12:32:14.651Z] <<< [apiv2][body] POST https://upload-firebasehosting.googleapis.com/upload/sites/smarket-4761d/versions/4a7dd7388daf5e59/files/b47b2328290ad2ab35a674097d6554682e9e3e1c7286c87d33172654dcb8b7d1 [stream]
[debug] [2023-07-05T12:32:14.993Z] <<< [apiv2][status] POST https://upload-firebasehosting.googleapis.com/upload/sites/smarket-4761d/versions/4a7dd7388daf5e59/files/4a4591a6804a54ba3445cdbe400fd893da92f6f13df7f468001b355bb299f49d 200
[debug] [2023-07-05T12:32:14.993Z] <<< [apiv2][body] POST https://upload-firebasehosting.googleapis.com/upload/sites/smarket-4761d/versions/4a7dd7388daf5e59/files/4a4591a6804a54ba3445cdbe400fd893da92f6f13df7f468001b355bb299f49d [stream]
[debug] [2023-07-05T12:32:15.025Z] <<< [apiv2][status] POST https://upload-firebasehosting.googleapis.com/upload/sites/smarket-4761d/versions/4a7dd7388daf5e59/files/affb9cfbb447c1fe5d9277618a4120eba254f15093f47df28d9a5c56fd8f938f 200
[debug] [2023-07-05T12:32:15.026Z] <<< [apiv2][body] POST https://upload-firebasehosting.googleapis.com/upload/sites/smarket-4761d/versions/4a7dd7388daf5e59/files/affb9cfbb447c1fe5d9277618a4120eba254f15093f47df28d9a5c56fd8f938f [stream]
[debug] [2023-07-05T12:32:15.089Z] <<< [apiv2][status] POST https://upload-firebasehosting.googleapis.com/upload/sites/smarket-4761d/versions/4a7dd7388daf5e59/files/7fcf7b2cf9ad2fd4a4e824dfc04e1d1fc1d37e07bf109fc08694b7995ff3c6e9 200
[debug] [2023-07-05T12:32:15.089Z] <<< [apiv2][body] POST https://upload-firebasehosting.googleapis.com/upload/sites/smarket-4761d/versions/4a7dd7388daf5e59/files/7fcf7b2cf9ad2fd4a4e824dfc04e1d1fc1d37e07bf109fc08694b7995ff3c6e9 [stream]
[debug] [2023-07-05T12:32:15.423Z] <<< [apiv2][status] POST https://upload-firebasehosting.googleapis.com/upload/sites/smarket-4761d/versions/4a7dd7388daf5e59/files/5093062750f0a38c278e90273e807e4a616c646236f21278a7bc2733230ed9a5 200
[debug] [2023-07-05T12:32:15.424Z] <<< [apiv2][body] POST https://upload-firebasehosting.googleapis.com/upload/sites/smarket-4761d/versions/4a7dd7388daf5e59/files/5093062750f0a38c278e90273e807e4a616c646236f21278a7bc2733230ed9a5 [stream]
[debug] [2023-07-05T12:32:15.439Z] <<< [apiv2][status] POST https://upload-firebasehosting.googleapis.com/upload/sites/smarket-4761d/versions/4a7dd7388daf5e59/files/98d77df52cc5e22e3ede98bffb4d499a1c4625773b81f8f4bfcf4d59a85c5c54 200
[debug] [2023-07-05T12:32:15.439Z] <<< [apiv2][body] POST https://upload-firebasehosting.googleapis.com/upload/sites/smarket-4761d/versions/4a7dd7388daf5e59/files/98d77df52cc5e22e3ede98bffb4d499a1c4625773b81f8f4bfcf4d59a85c5c54 [stream]
[debug] [2023-07-05T12:32:15.482Z] <<< [apiv2][status] POST https://upload-firebasehosting.googleapis.com/upload/sites/smarket-4761d/versions/4a7dd7388daf5e59/files/33bb5b546c590723be3d37390050e4a05e41f88e63adc360275798a430cd5ca5 200
[debug] [2023-07-05T12:32:15.483Z] <<< [apiv2][body] POST https://upload-firebasehosting.googleapis.com/upload/sites/smarket-4761d/versions/4a7dd7388daf5e59/files/33bb5b546c590723be3d37390050e4a05e41f88e63adc360275798a430cd5ca5 [stream]
[debug] [2023-07-05T12:32:15.508Z] <<< [apiv2][status] POST https://upload-firebasehosting.googleapis.com/upload/sites/smarket-4761d/versions/4a7dd7388daf5e59/files/76969b54477bf6694dfaabfcc0588da72e6a1c83c63524e7a56e68b7318e61d1 200
[debug] [2023-07-05T12:32:15.509Z] <<< [apiv2][body] POST https://upload-firebasehosting.googleapis.com/upload/sites/smarket-4761d/versions/4a7dd7388daf5e59/files/76969b54477bf6694dfaabfcc0588da72e6a1c83c63524e7a56e68b7318e61d1 [stream]
[debug] [2023-07-05T12:32:15.519Z] <<< [apiv2][status] POST https://upload-firebasehosting.googleapis.com/upload/sites/smarket-4761d/versions/4a7dd7388daf5e59/files/2c19690e9587bae12f419b34d2edeecc76808099540a9c9f4ea6194116cfc8f7 200
[debug] [2023-07-05T12:32:15.520Z] <<< [apiv2][body] POST https://upload-firebasehosting.googleapis.com/upload/sites/smarket-4761d/versions/4a7dd7388daf5e59/files/2c19690e9587bae12f419b34d2edeecc76808099540a9c9f4ea6194116cfc8f7 [stream]
[debug] [2023-07-05T12:32:15.536Z] <<< [apiv2][status] POST https://upload-firebasehosting.googleapis.com/upload/sites/smarket-4761d/versions/4a7dd7388daf5e59/files/0be48f15c6a98e7b76c035246e30df31e45b8305475a16c6525c2fb4d31de504 200
[debug] [2023-07-05T12:32:15.536Z] <<< [apiv2][body] POST https://upload-firebasehosting.googleapis.com/upload/sites/smarket-4761d/versions/4a7dd7388daf5e59/files/0be48f15c6a98e7b76c035246e30df31e45b8305475a16c6525c2fb4d31de504 [stream]
[debug] [2023-07-05T12:32:15.544Z] <<< [apiv2][status] POST https://upload-firebasehosting.googleapis.com/upload/sites/smarket-4761d/versions/4a7dd7388daf5e59/files/d2d8e1da513cafdc92ff2a1503b372d6acfcfaea60c69584861939ff3f0705de 200
[debug] [2023-07-05T12:32:15.544Z] <<< [apiv2][body] POST https://upload-firebasehosting.googleapis.com/upload/sites/smarket-4761d/versions/4a7dd7388daf5e59/files/d2d8e1da513cafdc92ff2a1503b372d6acfcfaea60c69584861939ff3f0705de [stream]
[debug] [2023-07-05T12:32:15.560Z] <<< [apiv2][status] POST https://upload-firebasehosting.googleapis.com/upload/sites/smarket-4761d/versions/4a7dd7388daf5e59/files/2db012e28f753abf2b3d2efded2879eab9bb9380d613d44bd16a60afc511883e 200
[debug] [2023-07-05T12:32:15.561Z] <<< [apiv2][body] POST https://upload-firebasehosting.googleapis.com/upload/sites/smarket-4761d/versions/4a7dd7388daf5e59/files/2db012e28f753abf2b3d2efded2879eab9bb9380d613d44bd16a60afc511883e [stream]
[debug] [2023-07-05T12:32:15.593Z] <<< [apiv2][status] POST https://upload-firebasehosting.googleapis.com/upload/sites/smarket-4761d/versions/4a7dd7388daf5e59/files/89a29386649e94ad702842b35df8fee2e089a61a6f007f96013a4ea0886ebcf8 200
[debug] [2023-07-05T12:32:15.593Z] <<< [apiv2][body] POST https://upload-firebasehosting.googleapis.com/upload/sites/smarket-4761d/versions/4a7dd7388daf5e59/files/89a29386649e94ad702842b35df8fee2e089a61a6f007f96013a4ea0886ebcf8 [stream]
[debug] [2023-07-05T12:32:15.617Z] <<< [apiv2][status] POST https://upload-firebasehosting.googleapis.com/upload/sites/smarket-4761d/versions/4a7dd7388daf5e59/files/52d5d1f896e8e01ec62fcd250985ac38d987e0113e5ef6cd754a0bf8c0d27939 200
[debug] [2023-07-05T12:32:15.617Z] <<< [apiv2][body] POST https://upload-firebasehosting.googleapis.com/upload/sites/smarket-4761d/versions/4a7dd7388daf5e59/files/52d5d1f896e8e01ec62fcd250985ac38d987e0113e5ef6cd754a0bf8c0d27939 [stream]
[debug] [2023-07-05T12:32:15.667Z] <<< [apiv2][status] POST https://upload-firebasehosting.googleapis.com/upload/sites/smarket-4761d/versions/4a7dd7388daf5e59/files/75309880a868e49b99906a3eff11a989b3a3112e57a6eb8289b81f1264866e6e 200
[debug] [2023-07-05T12:32:15.667Z] <<< [apiv2][body] POST https://upload-firebasehosting.googleapis.com/upload/sites/smarket-4761d/versions/4a7dd7388daf5e59/files/75309880a868e49b99906a3eff11a989b3a3112e57a6eb8289b81f1264866e6e [stream]
[debug] [2023-07-05T12:32:15.698Z] <<< [apiv2][status] POST https://upload-firebasehosting.googleapis.com/upload/sites/smarket-4761d/versions/4a7dd7388daf5e59/files/4b6f54180f542f9fd4bef20c90aae9c6b58ac646d2844871db83df9247fe6029 200
[debug] [2023-07-05T12:32:15.698Z] <<< [apiv2][body] POST https://upload-firebasehosting.googleapis.com/upload/sites/smarket-4761d/versions/4a7dd7388daf5e59/files/4b6f54180f542f9fd4bef20c90aae9c6b58ac646d2844871db83df9247fe6029 [stream]
[debug] [2023-07-05T12:32:15.743Z] <<< [apiv2][status] POST https://upload-firebasehosting.googleapis.com/upload/sites/smarket-4761d/versions/4a7dd7388daf5e59/files/e0441e5771159f61f1b7987b29feb975a54cca61441fc10595d640b110c55950 200
[debug] [2023-07-05T12:32:15.744Z] <<< [apiv2][body] POST https://upload-firebasehosting.googleapis.com/upload/sites/smarket-4761d/versions/4a7dd7388daf5e59/files/e0441e5771159f61f1b7987b29feb975a54cca61441fc10595d640b110c55950 [stream]
[debug] [2023-07-05T12:32:15.843Z] <<< [apiv2][status] POST https://upload-firebasehosting.googleapis.com/upload/sites/smarket-4761d/versions/4a7dd7388daf5e59/files/6cca7384777326f0167a25b2ce162f9d4ff3c430511b0b08487665bbb5f57247 200
[debug] [2023-07-05T12:32:15.844Z] <<< [apiv2][body] POST https://upload-firebasehosting.googleapis.com/upload/sites/smarket-4761d/versions/4a7dd7388daf5e59/files/6cca7384777326f0167a25b2ce162f9d4ff3c430511b0b08487665bbb5f57247 [stream]
[debug] [2023-07-05T12:32:15.844Z] [hosting][upload queue][FINAL] {"max":2538,"min":1050,"avg":1759.8999999999999,"active":0,"complete":30,"success":30,"errored":0,"retried":0,"total":30,"elapsed":2543}
[info] +  hosting[smarket-4761d]: file upload complete 
[debug] [2023-07-05T12:32:15.848Z] [hosting] deploy completed after 3139ms
[debug] [2023-07-05T12:32:15.848Z] [
  {
    "config": {
      "public": "dist",
      "ignore": [
        "firebase.json",
        "**/.*",
        "**/node_modules/**"
      ],
      "rewrites": [
        {
          "source": "**",
          "destination": "/index.html"
        }
      ],
      "site": "smarket-4761d"
    },
    "version": "projects/177515988727/sites/smarket-4761d/versions/4a7dd7388daf5e59"
  }
]
[info] i  hosting[smarket-4761d]: finalizing version... 
[debug] [2023-07-05T12:32:15.858Z] >>> [apiv2][query] PATCH https://firebasehosting.googleapis.com/v1beta1/projects/-/sites/smarket-4761d/versions/4a7dd7388daf5e59 updateMask=status%2Cconfig
[debug] [2023-07-05T12:32:15.858Z] >>> [apiv2][body] PATCH https://firebasehosting.googleapis.com/v1beta1/projects/-/sites/smarket-4761d/versions/4a7dd7388daf5e59 {"status":"FINALIZED","config":{"rewrites":[{"glob":"**","path":"/index.html"}]}}
[debug] [2023-07-05T12:32:16.503Z] <<< [apiv2][status] PATCH https://firebasehosting.googleapis.com/v1beta1/projects/-/sites/smarket-4761d/versions/4a7dd7388daf5e59 200
[debug] [2023-07-05T12:32:16.503Z] <<< [apiv2][body] PATCH https://firebasehosting.googleapis.com/v1beta1/projects/-/sites/smarket-4761d/versions/4a7dd7388daf5e59 {"name":"projects/177515988727/sites/smarket-4761d/versions/4a7dd7388daf5e59","status":"FINALIZED","config":{"rewrites":[{"glob":"**","path":"/index.html"}]},"labels":{"deployment-tool":"cli-firebase"},"createTime":"2023-07-05T12:32:12.360328Z","createUser":{"email":"nhatlinh2001hcmcity@gmail.com"},"finalizeTime":"2023-07-05T12:32:16.368295Z","finalizeUser":{"email":"nhatlinh2001hcmcity@gmail.com"}}
[debug] [2023-07-05T12:32:16.503Z] [hosting] finalized version for smarket-4761d:[object Object]
[info] +  hosting[smarket-4761d]: version finalized 
[info] i  hosting[smarket-4761d]: releasing new version... 
[debug] [2023-07-05T12:32:16.508Z] >>> [apiv2][query] POST https://firebasehosting.googleapis.com/v1beta1/projects/-/sites/smarket-4761d/channels/live/releases versionName=projects%2F177515988727%2Fsites%2Fsmarket-4761d%2Fversions%2F4a7dd7388daf5e59
[debug] [2023-07-05T12:32:16.508Z] >>> [apiv2][body] POST https://firebasehosting.googleapis.com/v1beta1/projects/-/sites/smarket-4761d/channels/live/releases {}
[debug] [2023-07-05T12:32:17.175Z] <<< [apiv2][status] POST https://firebasehosting.googleapis.com/v1beta1/projects/-/sites/smarket-4761d/channels/live/releases 200
[debug] [2023-07-05T12:32:17.175Z] <<< [apiv2][body] POST https://firebasehosting.googleapis.com/v1beta1/projects/-/sites/smarket-4761d/channels/live/releases {"name":"projects/177515988727/sites/smarket-4761d/channels/live/releases/1688560336450000","version":{"name":"projects/177515988727/sites/smarket-4761d/versions/4a7dd7388daf5e59","status":"FINALIZED","config":{"rewrites":[{"glob":"**","path":"/index.html"}]},"labels":{"deployment-tool":"cli-firebase"},"createTime":"2023-07-05T12:32:12.360328Z","createUser":{"email":"nhatlinh2001hcmcity@gmail.com","imageUrl":"https://lh3.googleusercontent.com/a/AAcHTtfMeCvNK1yRPFkWYJEzaCfngN4c3I-JSQ326aEEn46HXLk"},"finalizeTime":"2023-07-05T12:32:16.368295Z","finalizeUser":{"email":"nhatlinh2001hcmcity@gmail.com","imageUrl":"https://lh3.googleusercontent.com/a/AAcHTtfMeCvNK1yRPFkWYJEzaCfngN4c3I-JSQ326aEEn46HXLk"}},"type":"DEPLOY","releaseTime":"2023-07-05T12:32:16.450Z","releaseUser":{"email":"nhatlinh2001hcmcity@gmail.com","imageUrl":"https://lh3.googleusercontent.com/a/AAcHTtfMeCvNK1yRPFkWYJEzaCfngN4c3I-JSQ326aEEn46HXLk"}}
[debug] [2023-07-05T12:32:17.175Z] [hosting] release: {"name":"projects/177515988727/sites/smarket-4761d/channels/live/releases/1688560336450000","version":{"name":"projects/177515988727/sites/smarket-4761d/versions/4a7dd7388daf5e59","status":"FINALIZED","config":{"rewrites":[{"glob":"**","path":"/index.html"}]},"labels":{"deployment-tool":"cli-firebase"},"createTime":"2023-07-05T12:32:12.360328Z","createUser":{"email":"nhatlinh2001hcmcity@gmail.com","imageUrl":"https://lh3.googleusercontent.com/a/AAcHTtfMeCvNK1yRPFkWYJEzaCfngN4c3I-JSQ326aEEn46HXLk"},"finalizeTime":"2023-07-05T12:32:16.368295Z","finalizeUser":{"email":"nhatlinh2001hcmcity@gmail.com","imageUrl":"https://lh3.googleusercontent.com/a/AAcHTtfMeCvNK1yRPFkWYJEzaCfngN4c3I-JSQ326aEEn46HXLk"}},"type":"DEPLOY","releaseTime":"2023-07-05T12:32:16.450Z","releaseUser":{"email":"nhatlinh2001hcmcity@gmail.com","imageUrl":"https://lh3.googleusercontent.com/a/AAcHTtfMeCvNK1yRPFkWYJEzaCfngN4c3I-JSQ326aEEn46HXLk"}}
[info] +  hosting[smarket-4761d]: release complete 
[info] 
[info] +  Deploy complete! 
[info] 
[info] Project Console: https://console.firebase.google.com/project/smarket-4761d/overview
[info] Hosting URL: https://smarket-4761d.web.app
[debug] [2023-07-05T12:32:48.274Z] Error: Timed out.
    at Timeout._onTimeout (C:\Users\nhatl\AppData\Roaming\nvm\v18.10.0\node_modules\firebase-tools\lib\utils.js:254:49)
    at listOnTimeout (node:internal/timers:564:17)
    at process.processTimers (node:internal/timers:507:7)
[error] 
[error] Error: An unexpected error has occurred.
